-------------------------------------------------------------------------------
Test set: it.polimi.demo.model.CardsCollectionTest
-------------------------------------------------------------------------------
Tests run: 4, Failures: 4, Errors: 0, Skipped: 0, Time elapsed: 0.001 sec <<< FAILURE!
it.polimi.demo.model.CardsCollectionTest.testPopulateDeckObjectiveCard()  Time elapsed: 0 sec  <<< FAILURE!
java.lang.NullPointerException: Cannot invoke "it.polimi.demo.model.CardsCollection.size()" because "this.cardsCollection" is null
	at it.polimi.demo.model.CardsCollectionTest.testPopulateDeckObjectiveCard(CardsCollectionTest.java:53)

it.polimi.demo.model.CardsCollectionTest.testAddCard()  Time elapsed: 0.001 sec  <<< FAILURE!
java.lang.NullPointerException: Cannot invoke "it.polimi.demo.model.CardsCollection.addCard(it.polimi.demo.model.cards.Card)" because "this.cardsCollection" is null
	at it.polimi.demo.model.CardsCollectionTest.testAddCard(CardsCollectionTest.java:22)

it.polimi.demo.model.CardsCollectionTest.testSize()  Time elapsed: 0 sec  <<< FAILURE!
java.lang.NullPointerException: Cannot invoke "it.polimi.demo.model.CardsCollection.size()" because "this.cardsCollection" is null
	at it.polimi.demo.model.CardsCollectionTest.testSize(CardsCollectionTest.java:28)

it.polimi.demo.model.CardsCollectionTest.testPopulateDeck()  Time elapsed: 0 sec  <<< FAILURE!
java.lang.NullPointerException: Cannot invoke "it.polimi.demo.model.CardsCollection.size()" because "this.cardsCollection" is null
	at it.polimi.demo.model.CardsCollectionTest.testPopulateDeck(CardsCollectionTest.java:39)

