-------------------------------------------------------------------------------
Test set: it.polimi.demo.model.CommonBoardNodeTest
-------------------------------------------------------------------------------
Tests run: 4, Failures: 4, Errors: 0, Skipped: 0, Time elapsed: 0 sec <<< FAILURE!
it.polimi.demo.model.CommonBoardNodeTest.testSetPlayer()  Time elapsed: 0 sec  <<< FAILURE!
java.lang.NullPointerException: Cannot invoke "it.polimi.demo.model.board.CommonBoardNode.setPlayer(int, boolean)" because "this.node" is null
	at it.polimi.demo.model.CommonBoardNodeTest.testSetPlayer(CommonBoardNodeTest.java:21)

it.polimi.demo.model.CommonBoardNodeTest.testIsPlayerPresent()  Time elapsed: 0 sec  <<< FAILURE!
java.lang.NullPointerException: Cannot invoke "it.polimi.demo.model.board.CommonBoardNode.setPlayer(int, boolean)" because "this.node" is null
	at it.polimi.demo.model.CommonBoardNodeTest.testIsPlayerPresent(CommonBoardNodeTest.java:27)

it.polimi.demo.model.CommonBoardNodeTest.testIsPlayerNotPresent()  Time elapsed: 0 sec  <<< FAILURE!
java.lang.NullPointerException: Cannot invoke "it.polimi.demo.model.board.CommonBoardNode.isPlayerPresent(int)" because "this.node" is null
	at it.polimi.demo.model.CommonBoardNodeTest.testIsPlayerNotPresent(CommonBoardNodeTest.java:33)

it.polimi.demo.model.CommonBoardNodeTest.testGetNodeNumber()  Time elapsed: 0 sec  <<< FAILURE!
java.lang.NullPointerException: Cannot invoke "it.polimi.demo.model.board.CommonBoardNode.getNodeNumber()" because "this.node" is null
	at it.polimi.demo.model.CommonBoardNodeTest.testGetNodeNumber(CommonBoardNodeTest.java:38)

