<?xml version="1.0" encoding="UTF-8" ?>
<testsuite tests="2" failures="2" name="it.polimi.demo.model.CommonBoardTest" time="0" errors="0" skipped="0">
  <properties>
[...]
</properties>
  <testcase classname="it.polimi.demo.model.CommonBoardTest" name="it.polimi.demo.model.CommonBoardTest.testMovePlayer" time="0">
    <failure message="Cannot invoke &quot;it.polimi.demo.model.board.CommonBoard.initializeBoard()&quot; because &quot;this.commonBoard&quot; is null" type="java.lang.NullPointerException">java.lang.NullPointerException: Cannot invoke &quot;it.polimi.demo.model.board.CommonBoard.initializeBoard()&quot; because &quot;this.commonBoard&quot; is null
	at it.polimi.demo.model.CommonBoardTest.testMovePlayer(CommonBoardTest.java:63)
</failure>
  </testcase>
  <testcase classname="it.polimi.demo.model.CommonBoardTest" name="it.polimi.demo.model.CommonBoardTest.testInitializeBoard" time="0">
    <failure message="Cannot invoke &quot;it.polimi.demo.model.board.CommonBoard.initializeBoard()&quot; because &quot;this.commonBoard&quot; is null" type="java.lang.NullPointerException">java.lang.NullPointerException: Cannot invoke &quot;it.polimi.demo.model.board.CommonBoard.initializeBoard()&quot; because &quot;this.commonBoard&quot; is null
	at it.polimi.demo.model.CommonBoardTest.testInitializeBoard(CommonBoardTest.java:28)
</failure>
  </testcase>
</testsuite>