<?xml version="1.0" encoding="UTF-8"?>
<testsuite xmlns:xsi="http://www.w3.org/2001/XMLSchema-instance" xsi:noNamespaceSchemaLocation="https://maven.apache.org/surefire/maven-surefire-plugin/xsd/surefire-test-report.xsd" name="it.polimi.ingsw.model.PersonalBoardTest" time="0.23" tests="9" errors="0" skipped="0" failures="0">
  <properties>
[...]
</properties>
  <testcase name="testGoldCardPointsUpdate" classname="it.polimi.ingsw.model.PersonalBoardTest" time="0.011"/>
  <testcase name="testBruteForcePlaceCardSE" classname="it.polimi.ingsw.model.PersonalBoardTest" time="0.05"/>
  <testcase name="testPlaceCardOverlappingException_1" classname="it.polimi.ingsw.model.PersonalBoardTest" time="0.008"/>
  <testcase name="testPlaceCardOverlappingException_2" classname="it.polimi.ingsw.model.PersonalBoardTest" time="0.007"/>
  <testcase name="testCalculateScoresObjectivePattern" classname="it.polimi.ingsw.model.PersonalBoardTest" time="0.068"/>
  <testcase name="testCornerCoverage" classname="it.polimi.ingsw.model.PersonalBoardTest" time="0.021"/>
  <testcase name="testPlaceCardAtNE" classname="it.polimi.ingsw.model.PersonalBoardTest" time="0.045"/>
  <testcase name="testPlaceCardAtSE" classname="it.polimi.ingsw.model.PersonalBoardTest" time="0.006"/>
  <testcase name="testPlaceCardAtSO" classname="it.polimi.ingsw.model.PersonalBoardTest" time="0.008"/>
</testsuite>