<?xml version="1.0" encoding="UTF-8"?>
<testsuite xmlns:xsi="http://www.w3.org/2001/XMLSchema-instance" xsi:noNamespaceSchemaLocation="https://maven.apache.org/surefire/maven-surefire-plugin/xsd/surefire-test-report.xsd" name="it.polimi.ingsw.model.PersonalBoardTest" time="0.168" tests="10" errors="0" skipped="0" failures="0">
  <properties>
[...]
</properties>
  <testcase name="testGoldCardPointsUpdate" classname="it.polimi.ingsw.model.PersonalBoardTest" time="0.005"/>
  <testcase name="testBruteForcePlaceCardSE" classname="it.polimi.ingsw.model.PersonalBoardTest" time="0.024"/>
  <testcase name="testPlaceCardOverlappingException_1" classname="it.polimi.ingsw.model.PersonalBoardTest" time="0.007"/>
  <testcase name="testPlaceCardOverlappingException_2" classname="it.polimi.ingsw.model.PersonalBoardTest" time="0.006"/>
  <testcase name="testCalculateScoresObjectivePattern" classname="it.polimi.ingsw.model.PersonalBoardTest" time="0.043"/>
  <testcase name="testCalculateResourceItemObjective" classname="it.polimi.ingsw.model.PersonalBoardTest" time="0.008"/>
  <testcase name="testCornerCoverage" classname="it.polimi.ingsw.model.PersonalBoardTest" time="0.033"/>
  <testcase name="testPlaceCardAtNE" classname="it.polimi.ingsw.model.PersonalBoardTest" time="0.006"/>
  <testcase name="testPlaceCardAtSE" classname="it.polimi.ingsw.model.PersonalBoardTest" time="0.019"/>
  <testcase name="testPlaceCardAtSO" classname="it.polimi.ingsw.model.PersonalBoardTest" time="0.013"/>
</testsuite>