-------------------------------------------------------------------------------
Test set: it.polimi.ingsw.model.CardsCollectionTest
-------------------------------------------------------------------------------
Tests run: 4, Failures: 1, Errors: 0, Skipped: 0, Time elapsed: 0.001 s <<< FAILURE! - in it.polimi.ingsw.model.CardsCollectionTest
testPopulateDeckObjectiveCard  Time elapsed: 0.001 s  <<< FAILURE!
org.opentest4j.AssertionFailedError: expected: <true> but was: <false>
	at it.polimi.ingsw.model.CardsCollectionTest.testPopulateDeckObjectiveCard(CardsCollectionTest.java:55)

