-------------------------------------------------------------------------------
Test set: it.polimi.ingsw.model.CommonBoardTest
-------------------------------------------------------------------------------
Tests run: 7, Failures: 0, Errors: 7, Skipped: 0, Time elapsed: 0.005 s <<< FAILURE! - in it.polimi.ingsw.model.CommonBoardTest
testDrawFromConcreteDeck  Time elapsed: 0.001 s  <<< ERROR!
java.lang.NullPointerException: Cannot invoke "it.polimi.ingsw.model.ConcreteDeck.pop()" because "this.resource_concrete_deck" is null
	at it.polimi.ingsw.model.CommonBoardTest.testDrawFromConcreteDeck(CommonBoardTest.java:28)

testGetPlayerPosition  Time elapsed: 0.001 s  <<< ERROR!
java.lang.NullPointerException: Cannot invoke "it.polimi.ingsw.model.ConcreteDeck.pop()" because "this.resource_concrete_deck" is null
	at it.polimi.ingsw.model.CommonBoardTest.testGetPlayerPosition(CommonBoardTest.java:46)

testGetPartialWinner  Time elapsed: 0 s  <<< ERROR!
java.lang.NullPointerException: Cannot invoke "it.polimi.ingsw.model.ConcreteDeck.pop()" because "this.resource_concrete_deck" is null
	at it.polimi.ingsw.model.CommonBoardTest.testGetPartialWinner(CommonBoardTest.java:63)

testInitializeBoard  Time elapsed: 0 s  <<< ERROR!
java.lang.NullPointerException: Cannot invoke "it.polimi.ingsw.model.ConcreteDeck.pop()" because "this.resource_concrete_deck" is null
	at it.polimi.ingsw.model.CommonBoardTest.testInitializeBoard(CommonBoardTest.java:19)

testSetPartialWinner  Time elapsed: 0.001 s  <<< ERROR!
java.lang.NullPointerException: Cannot invoke "it.polimi.ingsw.model.ConcreteDeck.pop()" because "this.resource_concrete_deck" is null
	at it.polimi.ingsw.model.CommonBoardTest.testSetPartialWinner(CommonBoardTest.java:71)

testMovePlayer  Time elapsed: 0.001 s  <<< ERROR!
java.lang.NullPointerException: Cannot invoke "it.polimi.ingsw.model.ConcreteDeck.pop()" because "this.resource_concrete_deck" is null
	at it.polimi.ingsw.model.CommonBoardTest.testMovePlayer(CommonBoardTest.java:54)

testDrawFromTable  Time elapsed: 0 s  <<< ERROR!
java.lang.NullPointerException: Cannot invoke "it.polimi.ingsw.model.ConcreteDeck.pop()" because "this.resource_concrete_deck" is null
	at it.polimi.ingsw.model.CommonBoardTest.testDrawFromTable(CommonBoardTest.java:36)

